User profesor Starting at 2024-05-31 07:26:32.087271
User profesor Starting at 2024-05-31 07:26:32.087271
User profesor Starting at 2024-05-31 07:27:41.836478
User profesor Starting at 2024-05-31 07:27:41.836478
User profesor Starting logging at 2024-05-31 07:34:43.239944
User profesor Starting logging at 2024-05-31 07:34:43.239944
profesor*2024-05-31 07:35:02.172508*Hola
profesor*2024-05-31 07:35:02.172508*Hola
User profesor Starting logging at 2024-05-31 07:37:11.112904
User profesor Starting logging at 2024-05-31 07:37:11.112904
profesor*2024-05-31 07:37:12.695167*Hola
profesor*2024-05-31 07:37:12.695167*Hola
profesor*2024-05-31 07:37:40.257233*Qué tal?
profesor*2024-05-31 07:37:40.257233*Qué tal?
User profesor Starting logging at 2024-05-31 07:40:07.137995
User profesor Starting logging at 2024-05-31 07:40:07.137995
profesor*2024-05-31 07:40:09.609340*Hola
profesor*2024-05-31 07:40:09.609340*Hola
profesor*2024-05-31 07:40:10.210163*Qué tal?
profesor*2024-05-31 07:40:10.210163*Qué tal?
profesor*2024-05-31 07:40:31.395429*Voy a destruir objeto
profesor*2024-05-31 07:40:31.395429*Voy a destruir objeto
User profesor Starting logging at 2024-05-31 07:43:08.460320
User profesor Starting logging at 2024-05-31 07:43:08.460320
profesor * 2024-05-31 07:43:08.978521 * Hola
profesor * 2024-05-31 07:43:08.978521 * Hola
profesor * 2024-05-31 07:43:09.426504 * Qué tal?
profesor * 2024-05-31 07:43:09.426504 * Qué tal?
profesor * 2024-05-31 07:43:09.819426 * Voy a destruir objeto
profesor * 2024-05-31 07:43:09.819426 * Voy a destruir objeto
User profesor Starting logging at 2024-05-31 07:43:26.505921
User profesor Starting logging at 2024-05-31 07:43:26.505921
profesor * 2024-05-31 07:43:26.867508 * Hola
profesor * 2024-05-31 07:43:26.867508 * Hola
profesor * 2024-05-31 07:43:27.195075 * Qué tal?
profesor * 2024-05-31 07:43:27.195075 * Qué tal?
profesor * 2024-05-31 07:43:27.523203 * Voy a destruir objeto
profesor * 2024-05-31 07:43:27.523203 * Voy a destruir objeto
